<?xml version="1.0" encoding="UTF-8"?>
<!-- Generated by org.testng.reporters.JUnitReportReporter -->
<testsuite hostname="BG4NB0074" name="org.ssfdc.api.ApiResponseTest" tests="1" failures="0" timestamp="18 Jun 2019 12:42:39 GMT" time="26.254" errors="0">
  <testcase name="extractingNamesAPI" time="26.254" classname="org.ssfdc.api.ApiResponseTest"/>
</testsuite> <!-- org.ssfdc.api.ApiResponseTest -->
