<?xml version="1.0" encoding="UTF-8"?>
<!-- Generated by org.testng.reporters.JUnitReportReporter -->
<testsuite hostname="BG4NB0074" name="org.ssfdc.api.TreatmentTest" tests="1" failures="0" timestamp="14 Jun 2019 09:31:12 GMT" time="43.462" errors="0">
  <testcase name="TreatmentPage" time="43.462" classname="org.ssfdc.api.TreatmentTest"/>
</testsuite> <!-- org.ssfdc.api.TreatmentTest -->
