<?xml version="1.0" encoding="UTF-8"?>
<!-- Generated by org.testng.reporters.JUnitReportReporter -->
<testsuite hostname="BG4NB0074" name="org.ssfdc.api.StartPageTest" tests="1" failures="0" timestamp="6 Jul 2019 20:19:24 GMT" time="26.327" errors="0">
  <testcase name="startPage" time="26.327" classname="org.ssfdc.api.StartPageTest"/>
</testsuite> <!-- org.ssfdc.api.StartPageTest -->
