<?xml version="1.0" encoding="UTF-8"?>
<!-- Generated by org.testng.reporters.JUnitReportReporter -->
<testsuite hostname="BG4NB0074" name="org.ssfdc.api.RegistrationPageTest" tests="1" failures="0" timestamp="6 Jul 2019 20:29:40 GMT" time="22.296" errors="0">
  <testcase name="entry" time="22.296" classname="org.ssfdc.api.RegistrationPageTest"/>
</testsuite> <!-- org.ssfdc.api.RegistrationPageTest -->
