<?xml version="1.0" encoding="UTF-8"?>
<!-- Generated by org.testng.reporters.JUnitReportReporter -->
<testsuite skipped="0" hostname="BG4NB0074" name="org.ssfdc.api.StartPageTest" tests="1" failures="0" timestamp="13 Jul 2019 14:23:21 GMT" time="16.705" errors="0">
  <testcase name="startPage" time="16.705" classname="org.ssfdc.api.StartPageTest"/>
</testsuite> <!-- org.ssfdc.api.StartPageTest -->
