<?xml version="1.0" encoding="UTF-8"?>
<!-- Generated by org.testng.reporters.JUnitReportReporter -->
<testsuite skipped="0" hostname="BG4NB0074" name="org.ssfdc.api.RegistrationPageTest" tests="1" failures="0" timestamp="13 Jul 2019 14:23:21 GMT" time="15.331" errors="0">
  <testcase name="entry" time="15.331" classname="org.ssfdc.api.RegistrationPageTest"/>
</testsuite> <!-- org.ssfdc.api.RegistrationPageTest -->
